0 info it worked if it ends with ok
1 verbose cli [ 'D:\\devlopment_tools\\node_js\\node.exe',
1 verbose cli   'D:\\devlopment_tools\\node_js\\node_modules\\npm\\bin\\npm-cli.js',
1 verbose cli   'remove',
1 verbose cli   'lodash',
1 verbose cli   '--save' ]
2 info using npm@3.10.8
3 info using node@v6.9.1
4 silly loadCurrentTree Starting
5 silly install loadCurrentTree
6 silly install readLocalPackageData
7 silly install normalizeTree
8 silly loadCurrentTree Finishing
9 silly loadIdealTree Starting
10 silly install loadIdealTree
11 silly cloneCurrentTree Starting
12 silly install cloneCurrentTreeToIdealTree
13 silly cloneCurrentTree Finishing
14 silly loadShrinkwrap Starting
15 silly install loadShrinkwrap
16 silly loadShrinkwrap Finishing
17 silly loadAllDepsIntoIdealTree Starting
18 silly uninstall loadAllDepsIntoIdealtree
19 silly loadAllDepsIntoIdealTree Finishing
20 silly loadIdealTree Finishing
21 silly currentTree gamble@1.0.0
21 silly currentTree +-- ansi-regex@2.1.1
21 silly currentTree +-- ansi-styles@2.2.1
21 silly currentTree +-- archy@1.0.0
21 silly currentTree +-- arr-diff@2.0.0
21 silly currentTree +-- arr-flatten@1.0.1
21 silly currentTree +-- array-differ@1.0.0
21 silly currentTree +-- array-uniq@1.0.3
21 silly currentTree +-- array-unique@0.2.1
21 silly currentTree +-- balanced-match@0.4.2
21 silly currentTree +-- beeper@1.1.1
21 silly currentTree +-- brace-expansion@1.1.6
21 silly currentTree +-- braces@1.8.5
21 silly currentTree +-- buffer-shims@1.0.0
21 silly currentTree +-- chalk@1.1.3
21 silly currentTree +-- clone-stats@0.0.1
21 silly currentTree +-- clone@1.0.2
21 silly currentTree +-- concat-map@0.0.1
21 silly currentTree +-- core-util-is@1.0.2
21 silly currentTree +-- dateformat@2.0.0
21 silly currentTree +-- defaults@1.0.3
21 silly currentTree +-- deprecated@0.0.1
21 silly currentTree +-- detect-file@0.1.0
21 silly currentTree +-- duplexer2@0.0.2
21 silly currentTree +-- end-of-stream@0.1.5
21 silly currentTree +-- escape-string-regexp@1.0.5
21 silly currentTree +-- expand-brackets@0.1.5
21 silly currentTree +-- expand-range@1.8.2
21 silly currentTree +-- expand-tilde@1.2.2
21 silly currentTree +-- extend@3.0.0
21 silly currentTree +-- extglob@0.3.2
21 silly currentTree +-- fancy-log@1.3.0
21 silly currentTree +-- filename-regex@2.0.0
21 silly currentTree +-- fill-range@2.2.3
21 silly currentTree +-- find-index@0.1.1
21 silly currentTree +-- findup-sync@0.4.3
21 silly currentTree +-- fined@1.0.2
21 silly currentTree +-- first-chunk-stream@1.0.0
21 silly currentTree +-- flagged-respawn@0.3.2
21 silly currentTree +-- for-in@1.0.2
21 silly currentTree +-- for-own@0.1.5
21 silly currentTree +-- fs-exists-sync@0.1.0
21 silly currentTree +-- gaze@0.5.2
21 silly currentTree +-- glob-base@0.3.0
21 silly currentTree +-- glob-parent@2.0.0
21 silly currentTree +-- glob-stream@3.1.18
21 silly currentTree | +-- readable-stream@1.0.34
21 silly currentTree | `-- through2@0.6.5
21 silly currentTree +-- glob-watcher@0.0.6
21 silly currentTree +-- glob@4.5.3
21 silly currentTree +-- glob2base@0.0.12
21 silly currentTree +-- global-modules@0.2.3
21 silly currentTree +-- global-prefix@0.1.5
21 silly currentTree +-- globule@0.1.0
21 silly currentTree | +-- glob@3.1.21
21 silly currentTree | +-- graceful-fs@1.2.3
21 silly currentTree | +-- inherits@1.0.2
21 silly currentTree | +-- lodash@1.0.2
21 silly currentTree | `-- minimatch@0.2.14
21 silly currentTree +-- glogg@1.0.0
21 silly currentTree +-- graceful-fs@3.0.11
21 silly currentTree +-- gulp-util@3.0.8
21 silly currentTree +-- gulp@3.9.1
21 silly currentTree +-- gulplog@1.0.0
21 silly currentTree +-- has-ansi@2.0.0
21 silly currentTree +-- has-gulplog@0.1.0
21 silly currentTree +-- homedir-polyfill@1.0.1
21 silly currentTree +-- inflight@1.0.6
21 silly currentTree +-- inherits@2.0.3
21 silly currentTree +-- ini@1.3.4
21 silly currentTree +-- interpret@1.0.2
21 silly currentTree +-- is-absolute@0.2.6
21 silly currentTree +-- is-buffer@1.1.5
21 silly currentTree +-- is-dotfile@1.0.2
21 silly currentTree +-- is-equal-shallow@0.1.3
21 silly currentTree +-- is-extendable@0.1.1
21 silly currentTree +-- is-extglob@1.0.0
21 silly currentTree +-- is-glob@2.0.1
21 silly currentTree +-- is-number@2.1.0
21 silly currentTree +-- is-posix-bracket@0.1.1
21 silly currentTree +-- is-primitive@2.0.0
21 silly currentTree +-- is-relative@0.2.1
21 silly currentTree +-- is-unc-path@0.1.2
21 silly currentTree +-- is-utf8@0.2.1
21 silly currentTree +-- is-windows@0.2.0
21 silly currentTree +-- isarray@0.0.1
21 silly currentTree +-- isexe@2.0.0
21 silly currentTree +-- isobject@2.1.0
21 silly currentTree | `-- isarray@1.0.0
21 silly currentTree +-- kind-of@3.1.0
21 silly currentTree +-- liftoff@2.3.0
21 silly currentTree +-- lodash._basecopy@3.0.1
21 silly currentTree +-- lodash._basetostring@3.0.1
21 silly currentTree +-- lodash._basevalues@3.0.0
21 silly currentTree +-- lodash._getnative@3.9.1
21 silly currentTree +-- lodash._isiterateecall@3.0.9
21 silly currentTree +-- lodash._reescape@3.0.0
21 silly currentTree +-- lodash._reevaluate@3.0.0
21 silly currentTree +-- lodash._reinterpolate@3.0.0
21 silly currentTree +-- lodash._root@3.0.1
21 silly currentTree +-- lodash.assignwith@4.2.0
21 silly currentTree +-- lodash.escape@3.2.0
21 silly currentTree +-- lodash.isarguments@3.1.0
21 silly currentTree +-- lodash.isarray@3.0.4
21 silly currentTree +-- lodash.isempty@4.4.0
21 silly currentTree +-- lodash.isplainobject@4.0.6
21 silly currentTree +-- lodash.isstring@4.0.1
21 silly currentTree +-- lodash.keys@3.1.2
21 silly currentTree +-- lodash.mapvalues@4.6.0
21 silly currentTree +-- lodash.pick@4.4.0
21 silly currentTree +-- lodash.restparam@3.6.1
21 silly currentTree +-- lodash.template@3.6.2
21 silly currentTree +-- lodash.templatesettings@3.1.1
21 silly currentTree +-- lodash@4.17.4
21 silly currentTree +-- lru-cache@2.7.3
21 silly currentTree +-- map-cache@0.2.2
21 silly currentTree +-- micromatch@2.3.11
21 silly currentTree +-- minimatch@2.0.10
21 silly currentTree +-- minimist@1.2.0
21 silly currentTree +-- mkdirp@0.5.1
21 silly currentTree | `-- minimist@0.0.8
21 silly currentTree +-- multipipe@0.1.2
21 silly currentTree +-- natives@1.1.0
21 silly currentTree +-- normalize-path@2.1.1
21 silly currentTree +-- object-assign@3.0.0
21 silly currentTree +-- object.omit@2.0.1
21 silly currentTree +-- once@1.3.3
21 silly currentTree +-- orchestrator@0.3.8
21 silly currentTree +-- ordered-read-streams@0.1.0
21 silly currentTree +-- os-homedir@1.0.2
21 silly currentTree +-- parse-filepath@1.0.1
21 silly currentTree +-- parse-glob@3.0.4
21 silly currentTree +-- parse-passwd@1.0.0
21 silly currentTree +-- path-parse@1.0.5
21 silly currentTree +-- path-root-regex@0.1.2
21 silly currentTree +-- path-root@0.1.1
21 silly currentTree +-- preserve@0.2.0
21 silly currentTree +-- pretty-hrtime@1.0.3
21 silly currentTree +-- process-nextick-args@1.0.7
21 silly currentTree +-- randomatic@1.1.6
21 silly currentTree +-- readable-stream@1.1.14
21 silly currentTree +-- rechoir@0.6.2
21 silly currentTree +-- regex-cache@0.4.3
21 silly currentTree +-- remove-trailing-separator@1.0.1
21 silly currentTree +-- repeat-element@1.1.2
21 silly currentTree +-- repeat-string@1.6.1
21 silly currentTree +-- replace-ext@0.0.1
21 silly currentTree +-- resolve-dir@0.1.1
21 silly currentTree +-- resolve@1.3.2
21 silly currentTree +-- semver@4.3.6
21 silly currentTree +-- sequencify@0.0.7
21 silly currentTree +-- sigmund@1.0.1
21 silly currentTree +-- sparkles@1.0.0
21 silly currentTree +-- stream-consume@0.1.0
21 silly currentTree +-- string_decoder@0.10.31
21 silly currentTree +-- strip-ansi@3.0.1
21 silly currentTree +-- strip-bom@1.0.0
21 silly currentTree +-- supports-color@2.0.0
21 silly currentTree +-- through2@2.0.3
21 silly currentTree | +-- isarray@1.0.0
21 silly currentTree | `-- readable-stream@2.2.6
21 silly currentTree +-- tildify@1.2.0
21 silly currentTree +-- time-stamp@1.0.1
21 silly currentTree +-- unc-path-regex@0.1.2
21 silly currentTree +-- unique-stream@1.0.0
21 silly currentTree +-- user-home@1.1.1
21 silly currentTree +-- util-deprecate@1.0.2
21 silly currentTree +-- v8flags@2.0.12
21 silly currentTree +-- vinyl-fs@0.3.14
21 silly currentTree | +-- clone@0.2.0
21 silly currentTree | +-- readable-stream@1.0.34
21 silly currentTree | +-- through2@0.6.5
21 silly currentTree | `-- vinyl@0.4.6
21 silly currentTree +-- vinyl@0.5.3
21 silly currentTree +-- which@1.2.14
21 silly currentTree +-- wrappy@1.0.2
21 silly currentTree +-- xenon@5.0.0
21 silly currentTree | +-- accepts@1.3.3
21 silly currentTree | +-- addressparser@0.3.2
21 silly currentTree | +-- after@0.8.2
21 silly currentTree | +-- argparse@1.0.9
21 silly currentTree | +-- arraybuffer.slice@0.0.6
21 silly currentTree | +-- async@2.1.4
21 silly currentTree | +-- backo2@1.0.2
21 silly currentTree | +-- base64-arraybuffer@0.1.5
21 silly currentTree | +-- base64id@1.0.0
21 silly currentTree | +-- better-assert@1.0.2
21 silly currentTree | +-- bignumber.js@2.4.0
21 silly currentTree | +-- blob@0.0.4
21 silly currentTree | +-- bufferjs@1.1.0
21 silly currentTree | +-- callsite@1.0.0
21 silly currentTree | +-- component-bind@1.0.0
21 silly currentTree | +-- component-emitter@1.1.2
21 silly currentTree | +-- component-inherit@0.0.3
21 silly currentTree | +-- cookie@0.3.1
21 silly currentTree | +-- core-util-is@1.0.2
21 silly currentTree | +-- debug@2.3.3
21 silly currentTree | +-- ejs@2.5.5
21 silly currentTree | +-- emailjs@1.0.8
21 silly currentTree | +-- encoding@0.1.12
21 silly currentTree | +-- enforce@0.1.6
21 silly currentTree | +-- engine.io-client@1.8.3
21 silly currentTree | | `-- component-emitter@1.2.1
21 silly currentTree | +-- engine.io-parser@1.3.2
21 silly currentTree | +-- engine.io@1.8.3
21 silly currentTree | +-- entities@1.1.1
21 silly currentTree | +-- fd-slicer@1.0.1
21 silly currentTree | +-- has-binary@0.1.7
21 silly currentTree | +-- has-cors@1.1.0
21 silly currentTree | +-- hat@0.0.3
21 silly currentTree | +-- iconv-lite@0.4.15
21 silly currentTree | +-- indexof@0.0.1
21 silly currentTree | +-- inherits@2.0.3
21 silly currentTree | +-- isarray@0.0.1
21 silly currentTree | +-- json3@3.3.2
21 silly currentTree | +-- linkify-it@2.0.3
21 silly currentTree | +-- lodash@4.17.2
21 silly currentTree | +-- markdown-it@8.2.2
21 silly currentTree | +-- mdurl@1.0.1
21 silly currentTree | +-- mime-db@1.27.0
21 silly currentTree | +-- mime-types@2.1.15
21 silly currentTree | +-- mime@1.3.4
21 silly currentTree | +-- mimelib@0.2.14
21 silly currentTree | | `-- addressparser@0.2.1
21 silly currentTree | +-- moment@2.11.2
21 silly currentTree | +-- ms@0.7.2
21 silly currentTree | +-- multiparty@4.1.2
21 silly currentTree | +-- mysql@2.12.0
21 silly currentTree | +-- negotiator@0.6.1
21 silly currentTree | +-- object-assign@4.1.0
21 silly currentTree | +-- object-component@0.0.3
21 silly currentTree | +-- options@0.0.6
21 silly currentTree | +-- orm@3.2.2
21 silly currentTree | +-- parsejson@0.0.3
21 silly currentTree | +-- parseqs@0.0.5
21 silly currentTree | +-- parseuri@0.0.5
21 silly currentTree | +-- path-is-absolute@1.0.1
21 silly currentTree | +-- path-to-regexp@1.7.0
21 silly currentTree | +-- pend@1.2.0
21 silly currentTree | +-- readable-stream@1.1.14
21 silly currentTree | +-- socket.io-adapter@0.5.0
21 silly currentTree | +-- socket.io-client@1.7.3
21 silly currentTree | | `-- component-emitter@1.2.1
21 silly currentTree | +-- socket.io-parser@2.3.1
21 silly currentTree | | +-- debug@2.2.0
21 silly currentTree | | `-- ms@0.7.1
21 silly currentTree | +-- socket.io@1.7.3
21 silly currentTree | +-- sprintf-js@1.0.3
21 silly currentTree | +-- sql-ddl-sync@0.3.12
21 silly currentTree | +-- sql-query@0.1.26
21 silly currentTree | +-- sqlstring@2.2.0
21 silly currentTree | +-- starttls@1.0.1
21 silly currentTree | +-- string_decoder@0.10.31
21 silly currentTree | +-- to-array@0.1.4
21 silly currentTree | +-- uc.micro@1.0.3
21 silly currentTree | +-- ultron@1.0.2
21 silly currentTree | +-- ws@1.1.2
21 silly currentTree | +-- wtf-8@1.0.0
21 silly currentTree | +-- xmlhttprequest-ssl@1.5.3
21 silly currentTree | `-- yeast@0.1.2
21 silly currentTree `-- xtend@4.0.1
22 silly idealTree gamble@1.0.0
22 silly idealTree +-- ansi-regex@2.1.1
22 silly idealTree +-- ansi-styles@2.2.1
22 silly idealTree +-- archy@1.0.0
22 silly idealTree +-- arr-diff@2.0.0
22 silly idealTree +-- arr-flatten@1.0.1
22 silly idealTree +-- array-differ@1.0.0
22 silly idealTree +-- array-uniq@1.0.3
22 silly idealTree +-- array-unique@0.2.1
22 silly idealTree +-- balanced-match@0.4.2
22 silly idealTree +-- beeper@1.1.1
22 silly idealTree +-- brace-expansion@1.1.6
22 silly idealTree +-- braces@1.8.5
22 silly idealTree +-- buffer-shims@1.0.0
22 silly idealTree +-- chalk@1.1.3
22 silly idealTree +-- clone-stats@0.0.1
22 silly idealTree +-- clone@1.0.2
22 silly idealTree +-- concat-map@0.0.1
22 silly idealTree +-- core-util-is@1.0.2
22 silly idealTree +-- dateformat@2.0.0
22 silly idealTree +-- defaults@1.0.3
22 silly idealTree +-- deprecated@0.0.1
22 silly idealTree +-- detect-file@0.1.0
22 silly idealTree +-- duplexer2@0.0.2
22 silly idealTree +-- end-of-stream@0.1.5
22 silly idealTree +-- escape-string-regexp@1.0.5
22 silly idealTree +-- expand-brackets@0.1.5
22 silly idealTree +-- expand-range@1.8.2
22 silly idealTree +-- expand-tilde@1.2.2
22 silly idealTree +-- extend@3.0.0
22 silly idealTree +-- extglob@0.3.2
22 silly idealTree +-- fancy-log@1.3.0
22 silly idealTree +-- filename-regex@2.0.0
22 silly idealTree +-- fill-range@2.2.3
22 silly idealTree +-- find-index@0.1.1
22 silly idealTree +-- findup-sync@0.4.3
22 silly idealTree +-- fined@1.0.2
22 silly idealTree +-- first-chunk-stream@1.0.0
22 silly idealTree +-- flagged-respawn@0.3.2
22 silly idealTree +-- for-in@1.0.2
22 silly idealTree +-- for-own@0.1.5
22 silly idealTree +-- fs-exists-sync@0.1.0
22 silly idealTree +-- gaze@0.5.2
22 silly idealTree +-- glob-base@0.3.0
22 silly idealTree +-- glob-parent@2.0.0
22 silly idealTree +-- glob-stream@3.1.18
22 silly idealTree | +-- readable-stream@1.0.34
22 silly idealTree | `-- through2@0.6.5
22 silly idealTree +-- glob-watcher@0.0.6
22 silly idealTree +-- glob@4.5.3
22 silly idealTree +-- glob2base@0.0.12
22 silly idealTree +-- global-modules@0.2.3
22 silly idealTree +-- global-prefix@0.1.5
22 silly idealTree +-- globule@0.1.0
22 silly idealTree | +-- glob@3.1.21
22 silly idealTree | +-- graceful-fs@1.2.3
22 silly idealTree | +-- inherits@1.0.2
22 silly idealTree | +-- lodash@1.0.2
22 silly idealTree | `-- minimatch@0.2.14
22 silly idealTree +-- glogg@1.0.0
22 silly idealTree +-- graceful-fs@3.0.11
22 silly idealTree +-- gulp-util@3.0.8
22 silly idealTree +-- gulp@3.9.1
22 silly idealTree +-- gulplog@1.0.0
22 silly idealTree +-- has-ansi@2.0.0
22 silly idealTree +-- has-gulplog@0.1.0
22 silly idealTree +-- homedir-polyfill@1.0.1
22 silly idealTree +-- inflight@1.0.6
22 silly idealTree +-- inherits@2.0.3
22 silly idealTree +-- ini@1.3.4
22 silly idealTree +-- interpret@1.0.2
22 silly idealTree +-- is-absolute@0.2.6
22 silly idealTree +-- is-buffer@1.1.5
22 silly idealTree +-- is-dotfile@1.0.2
22 silly idealTree +-- is-equal-shallow@0.1.3
22 silly idealTree +-- is-extendable@0.1.1
22 silly idealTree +-- is-extglob@1.0.0
22 silly idealTree +-- is-glob@2.0.1
22 silly idealTree +-- is-number@2.1.0
22 silly idealTree +-- is-posix-bracket@0.1.1
22 silly idealTree +-- is-primitive@2.0.0
22 silly idealTree +-- is-relative@0.2.1
22 silly idealTree +-- is-unc-path@0.1.2
22 silly idealTree +-- is-utf8@0.2.1
22 silly idealTree +-- is-windows@0.2.0
22 silly idealTree +-- isarray@0.0.1
22 silly idealTree +-- isexe@2.0.0
22 silly idealTree +-- isobject@2.1.0
22 silly idealTree | `-- isarray@1.0.0
22 silly idealTree +-- kind-of@3.1.0
22 silly idealTree +-- liftoff@2.3.0
22 silly idealTree +-- lodash._basecopy@3.0.1
22 silly idealTree +-- lodash._basetostring@3.0.1
22 silly idealTree +-- lodash._basevalues@3.0.0
22 silly idealTree +-- lodash._getnative@3.9.1
22 silly idealTree +-- lodash._isiterateecall@3.0.9
22 silly idealTree +-- lodash._reescape@3.0.0
22 silly idealTree +-- lodash._reevaluate@3.0.0
22 silly idealTree +-- lodash._reinterpolate@3.0.0
22 silly idealTree +-- lodash._root@3.0.1
22 silly idealTree +-- lodash.assignwith@4.2.0
22 silly idealTree +-- lodash.escape@3.2.0
22 silly idealTree +-- lodash.isarguments@3.1.0
22 silly idealTree +-- lodash.isarray@3.0.4
22 silly idealTree +-- lodash.isempty@4.4.0
22 silly idealTree +-- lodash.isplainobject@4.0.6
22 silly idealTree +-- lodash.isstring@4.0.1
22 silly idealTree +-- lodash.keys@3.1.2
22 silly idealTree +-- lodash.mapvalues@4.6.0
22 silly idealTree +-- lodash.pick@4.4.0
22 silly idealTree +-- lodash.restparam@3.6.1
22 silly idealTree +-- lodash.template@3.6.2
22 silly idealTree +-- lodash.templatesettings@3.1.1
22 silly idealTree +-- lru-cache@2.7.3
22 silly idealTree +-- map-cache@0.2.2
22 silly idealTree +-- micromatch@2.3.11
22 silly idealTree +-- minimatch@2.0.10
22 silly idealTree +-- minimist@1.2.0
22 silly idealTree +-- mkdirp@0.5.1
22 silly idealTree | `-- minimist@0.0.8
22 silly idealTree +-- multipipe@0.1.2
22 silly idealTree +-- natives@1.1.0
22 silly idealTree +-- normalize-path@2.1.1
22 silly idealTree +-- object-assign@3.0.0
22 silly idealTree +-- object.omit@2.0.1
22 silly idealTree +-- once@1.3.3
22 silly idealTree +-- orchestrator@0.3.8
22 silly idealTree +-- ordered-read-streams@0.1.0
22 silly idealTree +-- os-homedir@1.0.2
22 silly idealTree +-- parse-filepath@1.0.1
22 silly idealTree +-- parse-glob@3.0.4
22 silly idealTree +-- parse-passwd@1.0.0
22 silly idealTree +-- path-parse@1.0.5
22 silly idealTree +-- path-root-regex@0.1.2
22 silly idealTree +-- path-root@0.1.1
22 silly idealTree +-- preserve@0.2.0
22 silly idealTree +-- pretty-hrtime@1.0.3
22 silly idealTree +-- process-nextick-args@1.0.7
22 silly idealTree +-- randomatic@1.1.6
22 silly idealTree +-- readable-stream@1.1.14
22 silly idealTree +-- rechoir@0.6.2
22 silly idealTree +-- regex-cache@0.4.3
22 silly idealTree +-- remove-trailing-separator@1.0.1
22 silly idealTree +-- repeat-element@1.1.2
22 silly idealTree +-- repeat-string@1.6.1
22 silly idealTree +-- replace-ext@0.0.1
22 silly idealTree +-- resolve-dir@0.1.1
22 silly idealTree +-- resolve@1.3.2
22 silly idealTree +-- semver@4.3.6
22 silly idealTree +-- sequencify@0.0.7
22 silly idealTree +-- sigmund@1.0.1
22 silly idealTree +-- sparkles@1.0.0
22 silly idealTree +-- stream-consume@0.1.0
22 silly idealTree +-- string_decoder@0.10.31
22 silly idealTree +-- strip-ansi@3.0.1
22 silly idealTree +-- strip-bom@1.0.0
22 silly idealTree +-- supports-color@2.0.0
22 silly idealTree +-- through2@2.0.3
22 silly idealTree | +-- isarray@1.0.0
22 silly idealTree | `-- readable-stream@2.2.6
22 silly idealTree +-- tildify@1.2.0
22 silly idealTree +-- time-stamp@1.0.1
22 silly idealTree +-- unc-path-regex@0.1.2
22 silly idealTree +-- unique-stream@1.0.0
22 silly idealTree +-- user-home@1.1.1
22 silly idealTree +-- util-deprecate@1.0.2
22 silly idealTree +-- v8flags@2.0.12
22 silly idealTree +-- vinyl-fs@0.3.14
22 silly idealTree | +-- clone@0.2.0
22 silly idealTree | +-- readable-stream@1.0.34
22 silly idealTree | +-- through2@0.6.5
22 silly idealTree | `-- vinyl@0.4.6
22 silly idealTree +-- vinyl@0.5.3
22 silly idealTree +-- which@1.2.14
22 silly idealTree +-- wrappy@1.0.2
22 silly idealTree +-- xenon@5.0.0
22 silly idealTree | +-- accepts@1.3.3
22 silly idealTree | +-- addressparser@0.3.2
22 silly idealTree | +-- after@0.8.2
22 silly idealTree | +-- argparse@1.0.9
22 silly idealTree | +-- arraybuffer.slice@0.0.6
22 silly idealTree | +-- async@2.1.4
22 silly idealTree | +-- backo2@1.0.2
22 silly idealTree | +-- base64-arraybuffer@0.1.5
22 silly idealTree | +-- base64id@1.0.0
22 silly idealTree | +-- better-assert@1.0.2
22 silly idealTree | +-- bignumber.js@2.4.0
22 silly idealTree | +-- blob@0.0.4
22 silly idealTree | +-- bufferjs@1.1.0
22 silly idealTree | +-- callsite@1.0.0
22 silly idealTree | +-- component-bind@1.0.0
22 silly idealTree | +-- component-emitter@1.1.2
22 silly idealTree | +-- component-inherit@0.0.3
22 silly idealTree | +-- cookie@0.3.1
22 silly idealTree | +-- core-util-is@1.0.2
22 silly idealTree | +-- debug@2.3.3
22 silly idealTree | +-- ejs@2.5.5
22 silly idealTree | +-- emailjs@1.0.8
22 silly idealTree | +-- encoding@0.1.12
22 silly idealTree | +-- enforce@0.1.6
22 silly idealTree | +-- engine.io-client@1.8.3
22 silly idealTree | | `-- component-emitter@1.2.1
22 silly idealTree | +-- engine.io-parser@1.3.2
22 silly idealTree | +-- engine.io@1.8.3
22 silly idealTree | +-- entities@1.1.1
22 silly idealTree | +-- fd-slicer@1.0.1
22 silly idealTree | +-- has-binary@0.1.7
22 silly idealTree | +-- has-cors@1.1.0
22 silly idealTree | +-- hat@0.0.3
22 silly idealTree | +-- iconv-lite@0.4.15
22 silly idealTree | +-- indexof@0.0.1
22 silly idealTree | +-- inherits@2.0.3
22 silly idealTree | +-- isarray@0.0.1
22 silly idealTree | +-- json3@3.3.2
22 silly idealTree | +-- linkify-it@2.0.3
22 silly idealTree | +-- lodash@4.17.2
22 silly idealTree | +-- markdown-it@8.2.2
22 silly idealTree | +-- mdurl@1.0.1
22 silly idealTree | +-- mime-db@1.27.0
22 silly idealTree | +-- mime-types@2.1.15
22 silly idealTree | +-- mime@1.3.4
22 silly idealTree | +-- mimelib@0.2.14
22 silly idealTree | | `-- addressparser@0.2.1
22 silly idealTree | +-- moment@2.11.2
22 silly idealTree | +-- ms@0.7.2
22 silly idealTree | +-- multiparty@4.1.2
22 silly idealTree | +-- mysql@2.12.0
22 silly idealTree | +-- negotiator@0.6.1
22 silly idealTree | +-- object-assign@4.1.0
22 silly idealTree | +-- object-component@0.0.3
22 silly idealTree | +-- options@0.0.6
22 silly idealTree | +-- orm@3.2.2
22 silly idealTree | +-- parsejson@0.0.3
22 silly idealTree | +-- parseqs@0.0.5
22 silly idealTree | +-- parseuri@0.0.5
22 silly idealTree | +-- path-is-absolute@1.0.1
22 silly idealTree | +-- path-to-regexp@1.7.0
22 silly idealTree | +-- pend@1.2.0
22 silly idealTree | +-- readable-stream@1.1.14
22 silly idealTree | +-- socket.io-adapter@0.5.0
22 silly idealTree | +-- socket.io-client@1.7.3
22 silly idealTree | | `-- component-emitter@1.2.1
22 silly idealTree | +-- socket.io-parser@2.3.1
22 silly idealTree | | +-- debug@2.2.0
22 silly idealTree | | `-- ms@0.7.1
22 silly idealTree | +-- socket.io@1.7.3
22 silly idealTree | +-- sprintf-js@1.0.3
22 silly idealTree | +-- sql-ddl-sync@0.3.12
22 silly idealTree | +-- sql-query@0.1.26
22 silly idealTree | +-- sqlstring@2.2.0
22 silly idealTree | +-- starttls@1.0.1
22 silly idealTree | +-- string_decoder@0.10.31
22 silly idealTree | +-- to-array@0.1.4
22 silly idealTree | +-- uc.micro@1.0.3
22 silly idealTree | +-- ultron@1.0.2
22 silly idealTree | +-- ws@1.1.2
22 silly idealTree | +-- wtf-8@1.0.0
22 silly idealTree | +-- xmlhttprequest-ssl@1.5.3
22 silly idealTree | `-- yeast@0.1.2
22 silly idealTree `-- xtend@4.0.1
23 silly generateActionsToTake Starting
24 silly install generateActionsToTake
25 silly rollbackFailedOptional Starting
26 silly rollbackFailedOptional Finishing
27 silly runTopLevelLifecycles Finishing
28 silly install printInstalled
29 verbose stack Error: D:\projects\node_js_projects\gamble\node_modules\Xenon: Appears to be a git repo or submodule.
29 verbose stack     at D:\devlopment_tools\node_js\node_modules\npm\node_modules\npm-install-checks\index.js:137:15
29 verbose stack     at FSReqWrap.oncomplete (fs.js:123:15)
30 verbose cwd D:\projects\node_js_projects\gamble
31 error Windows_NT 6.3.9600
32 error argv "D:\\devlopment_tools\\node_js\\node.exe" "D:\\devlopment_tools\\node_js\\node_modules\\npm\\bin\\npm-cli.js" "remove" "lodash" "--save"
33 error node v6.9.1
34 error npm  v3.10.8
35 error path D:\projects\node_js_projects\gamble\node_modules\Xenon
36 error code EISGIT
37 error git D:\projects\node_js_projects\gamble\node_modules\Xenon: Appears to be a git repo or submodule.
38 error git D:\projects\node_js_projects\gamble\node_modules\Xenon
39 error git Refusing to remove it. Update manually,
39 error git or move it out of the way first.
40 verbose exit [ 1, true ]
